<?xml version="1.0" encoding="UTF-8"?>
<!-- Generated by org.testng.reporters.JUnitReportReporter -->
<testsuite hostname="HP-PC" failures="0" tests="1" name="Demo.Demo" time="0.018" errors="0" timestamp="2023-04-14T10:45:08 IST" skipped="0">
  <testcase classname="Demo.Demo" name="demo" time="0.018"/>
  <system-out/>
</testsuite> <!-- Demo.Demo -->
